2023-11-02 10:24:03.072 +06:00 [WRN] The ASP.NET Core developer certificate is not trusted. For information about trusting the ASP.NET Core developer certificate, see https://aka.ms/aspnet/https-trust-dev-cert.
2023-11-02 10:24:07.170 +06:00 [INF] I'm in homepage now!
2023-11-02 10:24:07.230 +06:00 [ERR] This is an error message
2023-11-02 10:28:13.117 +06:00 [WRN] The ASP.NET Core developer certificate is not trusted. For information about trusting the ASP.NET Core developer certificate, see https://aka.ms/aspnet/https-trust-dev-cert.
2023-11-02 10:28:15.826 +06:00 [INF] I'm in homepage now!
2023-11-02 10:28:15.881 +06:00 [ERR] This is an error message
2023-11-02 11:05:37.280 +06:00 [WRN] The ASP.NET Core developer certificate is not trusted. For information about trusting the ASP.NET Core developer certificate, see https://aka.ms/aspnet/https-trust-dev-cert.
2023-11-02 11:05:40.509 +06:00 [INF] I'm in homepage now!
2023-11-02 11:05:40.548 +06:00 [ERR] This is an error message
2023-11-02 11:09:15.900 +06:00 [WRN] The ASP.NET Core developer certificate is not trusted. For information about trusting the ASP.NET Core developer certificate, see https://aka.ms/aspnet/https-trust-dev-cert.
2023-11-02 11:09:18.284 +06:00 [INF] I'm in homepage now!
2023-11-02 11:09:18.291 +06:00 [ERR] This is an error message
2023-11-02 11:14:15.912 +06:00 [WRN] The ASP.NET Core developer certificate is not trusted. For information about trusting the ASP.NET Core developer certificate, see https://aka.ms/aspnet/https-trust-dev-cert.
2023-11-02 11:14:18.554 +06:00 [INF] I'm in homepage now!
2023-11-02 11:14:18.558 +06:00 [ERR] This is an error message
2023-11-02 11:18:25.978 +06:00 [WRN] The ASP.NET Core developer certificate is not trusted. For information about trusting the ASP.NET Core developer certificate, see https://aka.ms/aspnet/https-trust-dev-cert.
2023-11-02 11:18:28.596 +06:00 [INF] I'm in homepage now!
2023-11-02 11:18:28.640 +06:00 [ERR] This is an error message
2023-11-02 11:21:56.018 +06:00 [INF] User profile is available. Using 'C:\Users\Jhora\AppData\Local\ASP.NET\DataProtection-Keys' as key repository and Windows DPAPI to encrypt keys at rest.
2023-11-02 11:21:56.442 +06:00 [WRN] The ASP.NET Core developer certificate is not trusted. For information about trusting the ASP.NET Core developer certificate, see https://aka.ms/aspnet/https-trust-dev-cert.
2023-11-02 11:21:56.489 +06:00 [INF] Now listening on: https://localhost:7088
2023-11-02 11:21:56.489 +06:00 [INF] Now listening on: http://localhost:5111
2023-11-02 11:21:56.491 +06:00 [INF] Application started. Press Ctrl+C to shut down.
2023-11-02 11:21:56.492 +06:00 [INF] Hosting environment: Development
2023-11-02 11:21:56.492 +06:00 [INF] Content root path: C:\Users\Jhora\Desktop\My_codes\asp.net-practice\FirstDemo\Assignment_Logger
2023-11-02 11:21:58.500 +06:00 [INF] Request starting HTTP/2 GET https://localhost:7088/ - -
2023-11-02 11:21:58.874 +06:00 [INF] Executing endpoint 'Assignment_Logger.Controllers.HomeController.Index (Assignment_Logger)'
2023-11-02 11:21:59.323 +06:00 [INF] Route matched with {action = "Index", controller = "Home", page = "", area = ""}. Executing controller action with signature Microsoft.AspNetCore.Mvc.IActionResult Index() on controller Assignment_Logger.Controllers.HomeController (Assignment_Logger).
2023-11-02 11:21:59.331 +06:00 [INF] I'm in homepage now!
2023-11-02 11:21:59.331 +06:00 [ERR] This is an error message
2023-11-02 11:21:59.365 +06:00 [INF] Executing ViewResult, running view Index.
2023-11-02 11:22:00.521 +06:00 [INF] Executed ViewResult - view Index executed in 1178.9858ms.
2023-11-02 11:22:00.534 +06:00 [INF] Executed action Assignment_Logger.Controllers.HomeController.Index (Assignment_Logger) in 1209.6937ms
2023-11-02 11:22:00.535 +06:00 [INF] Executed endpoint 'Assignment_Logger.Controllers.HomeController.Index (Assignment_Logger)'
2023-11-02 11:22:00.604 +06:00 [INF] Request finished HTTP/2 GET https://localhost:7088/ - - - 200 - text/html;+charset=utf-8 2111.6493ms
2023-11-02 11:22:00.701 +06:00 [INF] Request starting HTTP/2 GET https://localhost:7088/_framework/aspnetcore-browser-refresh.js - -
2023-11-02 11:22:00.701 +06:00 [INF] Request starting HTTP/2 GET https://localhost:7088/lib/bootstrap/dist/css/bootstrap.min.css - -
2023-11-02 11:22:00.701 +06:00 [INF] Request starting HTTP/2 GET https://localhost:7088/css/site.css?v=pAGv4ietcJNk_EwsQZ5BN9-K4MuNYS2a9wl4Jw-q9D0 - -
2023-11-02 11:22:00.726 +06:00 [INF] Request starting HTTP/2 GET https://localhost:7088/Assignment_Logger.styles.css?v=oKOO3fYw8cqDjDTfriN2kZr9eXKuVEXU_Y-jv7AndWM - -
2023-11-02 11:22:00.726 +06:00 [INF] Request starting HTTP/2 GET https://localhost:7088/_vs/browserLink - -
2023-11-02 11:22:00.735 +06:00 [INF] Sending file. Request path: '/css/site.css'. Physical path: 'C:\Users\Jhora\Desktop\My_codes\asp.net-practice\FirstDemo\Assignment_Logger\wwwroot\css\site.css'
2023-11-02 11:22:00.735 +06:00 [INF] Sending file. Request path: '/lib/bootstrap/dist/css/bootstrap.min.css'. Physical path: 'C:\Users\Jhora\Desktop\My_codes\asp.net-practice\FirstDemo\Assignment_Logger\wwwroot\lib\bootstrap\dist\css\bootstrap.min.css'
2023-11-02 11:22:00.735 +06:00 [INF] Request finished HTTP/2 GET https://localhost:7088/css/site.css?v=pAGv4ietcJNk_EwsQZ5BN9-K4MuNYS2a9wl4Jw-q9D0 - - - 0 362 text/css 33.9659ms
2023-11-02 11:22:00.735 +06:00 [INF] Request finished HTTP/2 GET https://localhost:7088/lib/bootstrap/dist/css/bootstrap.min.css - - - 0 162720 text/css 34.3759ms
2023-11-02 11:22:00.745 +06:00 [INF] Sending file. Request path: '/Assignment_Logger.styles.css'. Physical path: 'C:\Users\Jhora\Desktop\My_codes\asp.net-practice\FirstDemo\Assignment_Logger\obj\Debug\net7.0\scopedcss\bundle\Assignment_Logger.styles.css'
2023-11-02 11:22:00.746 +06:00 [INF] Request finished HTTP/2 GET https://localhost:7088/Assignment_Logger.styles.css?v=oKOO3fYw8cqDjDTfriN2kZr9eXKuVEXU_Y-jv7AndWM - - - 0 1134 text/css 19.8327ms
2023-11-02 11:22:00.746 +06:00 [INF] Request finished HTTP/2 GET https://localhost:7088/_framework/aspnetcore-browser-refresh.js - - - 200 12366 application/javascript;+charset=utf-8 46.1354ms
2023-11-02 11:22:00.833 +06:00 [INF] Request finished HTTP/2 GET https://localhost:7088/_vs/browserLink - - - 200 - text/javascript;+charset=UTF-8 106.5444ms
2023-11-02 11:22:00.854 +06:00 [INF] Request starting HTTP/2 GET https://localhost:7088/favicon.ico - -
2023-11-02 11:22:00.856 +06:00 [INF] Sending file. Request path: '/favicon.ico'. Physical path: 'C:\Users\Jhora\Desktop\My_codes\asp.net-practice\FirstDemo\Assignment_Logger\wwwroot\favicon.ico'
2023-11-02 11:22:00.856 +06:00 [INF] Request finished HTTP/2 GET https://localhost:7088/favicon.ico - - - 0 5430 image/x-icon 2.2413ms
2023-11-02 11:25:43.215 +06:00 [INF] User profile is available. Using 'C:\Users\Jhora\AppData\Local\ASP.NET\DataProtection-Keys' as key repository and Windows DPAPI to encrypt keys at rest.
2023-11-02 11:25:43.734 +06:00 [WRN] The ASP.NET Core developer certificate is not trusted. For information about trusting the ASP.NET Core developer certificate, see https://aka.ms/aspnet/https-trust-dev-cert.
2023-11-02 11:25:43.778 +06:00 [INF] Now listening on: https://localhost:7088
2023-11-02 11:25:43.778 +06:00 [INF] Now listening on: http://localhost:5111
2023-11-02 11:25:43.780 +06:00 [INF] Application started. Press Ctrl+C to shut down.
2023-11-02 11:25:43.781 +06:00 [INF] Hosting environment: Development
2023-11-02 11:25:43.781 +06:00 [INF] Content root path: C:\Users\Jhora\Desktop\My_codes\asp.net-practice\FirstDemo\Assignment_Logger
2023-11-02 11:25:45.697 +06:00 [INF] Request starting HTTP/2 GET https://localhost:7088/ - -
2023-11-02 11:25:45.973 +06:00 [INF] Executing endpoint 'Assignment_Logger.Controllers.HomeController.Index (Assignment_Logger)'
2023-11-02 11:25:46.075 +06:00 [INF] Route matched with {action = "Index", controller = "Home", page = "", area = ""}. Executing controller action with signature Microsoft.AspNetCore.Mvc.IActionResult Index() on controller Assignment_Logger.Controllers.HomeController (Assignment_Logger).
2023-11-02 11:25:46.088 +06:00 [INF] I'm in homepage now!
2023-11-02 11:25:46.088 +06:00 [ERR] This is an error message
2023-11-02 11:25:46.124 +06:00 [INF] Executing ViewResult, running view Index.
2023-11-02 11:25:47.415 +06:00 [INF] Executed ViewResult - view Index executed in 1313.6798ms.
2023-11-02 11:25:47.426 +06:00 [INF] Executed action Assignment_Logger.Controllers.HomeController.Index (Assignment_Logger) in 1349.1176ms
2023-11-02 11:25:47.427 +06:00 [INF] Executed endpoint 'Assignment_Logger.Controllers.HomeController.Index (Assignment_Logger)'
2023-11-02 11:25:47.487 +06:00 [INF] Request finished HTTP/2 GET https://localhost:7088/ - - - 200 - text/html;+charset=utf-8 1796.5575ms
2023-11-02 11:25:47.576 +06:00 [INF] Request starting HTTP/2 GET https://localhost:7088/lib/bootstrap/dist/css/bootstrap.min.css - -
2023-11-02 11:25:47.577 +06:00 [INF] Request starting HTTP/2 GET https://localhost:7088/css/site.css?v=pAGv4ietcJNk_EwsQZ5BN9-K4MuNYS2a9wl4Jw-q9D0 - -
2023-11-02 11:25:47.591 +06:00 [INF] Request starting HTTP/2 GET https://localhost:7088/_vs/browserLink - -
2023-11-02 11:25:47.621 +06:00 [INF] Sending file. Request path: '/css/site.css'. Physical path: 'C:\Users\Jhora\Desktop\My_codes\asp.net-practice\FirstDemo\Assignment_Logger\wwwroot\css\site.css'
2023-11-02 11:25:47.621 +06:00 [INF] Sending file. Request path: '/lib/bootstrap/dist/css/bootstrap.min.css'. Physical path: 'C:\Users\Jhora\Desktop\My_codes\asp.net-practice\FirstDemo\Assignment_Logger\wwwroot\lib\bootstrap\dist\css\bootstrap.min.css'
2023-11-02 11:25:47.622 +06:00 [INF] Request finished HTTP/2 GET https://localhost:7088/css/site.css?v=pAGv4ietcJNk_EwsQZ5BN9-K4MuNYS2a9wl4Jw-q9D0 - - - 0 362 text/css 44.7675ms
2023-11-02 11:25:47.622 +06:00 [INF] Request finished HTTP/2 GET https://localhost:7088/lib/bootstrap/dist/css/bootstrap.min.css - - - 0 162720 text/css 45.7883ms
2023-11-02 11:25:47.622 +06:00 [INF] Request starting HTTP/2 GET https://localhost:7088/_framework/aspnetcore-browser-refresh.js - -
2023-11-02 11:25:47.651 +06:00 [INF] Request finished HTTP/2 GET https://localhost:7088/_framework/aspnetcore-browser-refresh.js - - - 200 12366 application/javascript;+charset=utf-8 37.7017ms
2023-11-02 11:25:47.689 +06:00 [INF] Request finished HTTP/2 GET https://localhost:7088/_vs/browserLink - - - 200 - text/javascript;+charset=UTF-8 97.6780ms
2023-11-02 11:30:39.574 +06:00 [INF] User profile is available. Using 'C:\Users\Jhora\AppData\Local\ASP.NET\DataProtection-Keys' as key repository and Windows DPAPI to encrypt keys at rest.
2023-11-02 11:30:40.156 +06:00 [WRN] The ASP.NET Core developer certificate is not trusted. For information about trusting the ASP.NET Core developer certificate, see https://aka.ms/aspnet/https-trust-dev-cert.
2023-11-02 11:30:40.220 +06:00 [INF] Now listening on: https://localhost:7088
2023-11-02 11:30:40.220 +06:00 [INF] Now listening on: http://localhost:5111
2023-11-02 11:30:40.223 +06:00 [INF] Application started. Press Ctrl+C to shut down.
2023-11-02 11:30:40.224 +06:00 [INF] Hosting environment: Development
2023-11-02 11:30:40.224 +06:00 [INF] Content root path: C:\Users\Jhora\Desktop\My_codes\asp.net-practice\FirstDemo\Assignment_Logger
2023-11-02 11:30:41.834 +06:00 [INF] Request starting HTTP/2 GET https://localhost:7088/ - -
2023-11-02 11:30:42.087 +06:00 [INF] Executing endpoint 'Assignment_Logger.Controllers.HomeController.Index (Assignment_Logger)'
2023-11-02 11:30:42.171 +06:00 [INF] Route matched with {action = "Index", controller = "Home", page = "", area = ""}. Executing controller action with signature Microsoft.AspNetCore.Mvc.IActionResult Index() on controller Assignment_Logger.Controllers.HomeController (Assignment_Logger).
2023-11-02 11:30:42.181 +06:00 [INF] I'm in homepage now!
2023-11-02 11:30:42.181 +06:00 [ERR] This is an error message
2023-11-02 11:30:42.222 +06:00 [INF] Executing ViewResult, running view Index.
2023-11-02 11:30:43.489 +06:00 [INF] Executed ViewResult - view Index executed in 1292.7838ms.
2023-11-02 11:30:43.501 +06:00 [INF] Executed action Assignment_Logger.Controllers.HomeController.Index (Assignment_Logger) in 1327.5576ms
2023-11-02 11:30:43.502 +06:00 [INF] Executed endpoint 'Assignment_Logger.Controllers.HomeController.Index (Assignment_Logger)'
2023-11-02 11:30:43.564 +06:00 [INF] Request finished HTTP/2 GET https://localhost:7088/ - - - 200 - text/html;+charset=utf-8 1738.6956ms
2023-11-02 11:30:43.646 +06:00 [INF] Request starting HTTP/2 GET https://localhost:7088/lib/bootstrap/dist/css/bootstrap.min.css - -
2023-11-02 11:30:43.646 +06:00 [INF] Request starting HTTP/2 GET https://localhost:7088/_framework/aspnetcore-browser-refresh.js - -
2023-11-02 11:30:43.647 +06:00 [INF] Request starting HTTP/2 GET https://localhost:7088/css/site.css?v=pAGv4ietcJNk_EwsQZ5BN9-K4MuNYS2a9wl4Jw-q9D0 - -
2023-11-02 11:30:43.653 +06:00 [INF] Request starting HTTP/2 GET https://localhost:7088/_vs/browserLink - -
2023-11-02 11:30:43.680 +06:00 [INF] Sending file. Request path: '/lib/bootstrap/dist/css/bootstrap.min.css'. Physical path: 'C:\Users\Jhora\Desktop\My_codes\asp.net-practice\FirstDemo\Assignment_Logger\wwwroot\lib\bootstrap\dist\css\bootstrap.min.css'
2023-11-02 11:30:43.681 +06:00 [INF] Request finished HTTP/2 GET https://localhost:7088/lib/bootstrap/dist/css/bootstrap.min.css - - - 0 162720 text/css 35.7073ms
2023-11-02 11:30:43.681 +06:00 [INF] Sending file. Request path: '/css/site.css'. Physical path: 'C:\Users\Jhora\Desktop\My_codes\asp.net-practice\FirstDemo\Assignment_Logger\wwwroot\css\site.css'
2023-11-02 11:30:43.683 +06:00 [INF] Request finished HTTP/2 GET https://localhost:7088/css/site.css?v=pAGv4ietcJNk_EwsQZ5BN9-K4MuNYS2a9wl4Jw-q9D0 - - - 0 362 text/css 36.5652ms
2023-11-02 11:30:43.690 +06:00 [INF] Request finished HTTP/2 GET https://localhost:7088/_framework/aspnetcore-browser-refresh.js - - - 200 12366 application/javascript;+charset=utf-8 45.0008ms
2023-11-02 11:30:43.751 +06:00 [INF] Request finished HTTP/2 GET https://localhost:7088/_vs/browserLink - - - 200 - text/javascript;+charset=UTF-8 98.7856ms
2023-11-02 11:30:43.769 +06:00 [INF] Request starting HTTP/2 GET https://localhost:7088/favicon.ico - -
2023-11-02 11:30:43.779 +06:00 [INF] Sending file. Request path: '/favicon.ico'. Physical path: 'C:\Users\Jhora\Desktop\My_codes\asp.net-practice\FirstDemo\Assignment_Logger\wwwroot\favicon.ico'
2023-11-02 11:30:43.780 +06:00 [INF] Request finished HTTP/2 GET https://localhost:7088/favicon.ico - - - 0 5430 image/x-icon 10.5324ms
2023-11-02 11:34:13.466 +06:00 [INF] User profile is available. Using 'C:\Users\Jhora\AppData\Local\ASP.NET\DataProtection-Keys' as key repository and Windows DPAPI to encrypt keys at rest.
2023-11-02 11:34:13.903 +06:00 [WRN] The ASP.NET Core developer certificate is not trusted. For information about trusting the ASP.NET Core developer certificate, see https://aka.ms/aspnet/https-trust-dev-cert.
2023-11-02 11:34:13.958 +06:00 [INF] Now listening on: https://localhost:7088
2023-11-02 11:34:13.958 +06:00 [INF] Now listening on: http://localhost:5111
2023-11-02 11:34:13.961 +06:00 [INF] Application started. Press Ctrl+C to shut down.
2023-11-02 11:34:13.962 +06:00 [INF] Hosting environment: Development
2023-11-02 11:34:13.962 +06:00 [INF] Content root path: C:\Users\Jhora\Desktop\My_codes\asp.net-practice\FirstDemo\Assignment_Logger
2023-11-02 11:34:15.585 +06:00 [INF] Request starting HTTP/2 GET https://localhost:7088/ - -
2023-11-02 11:34:15.877 +06:00 [INF] Executing endpoint 'Assignment_Logger.Controllers.HomeController.Index (Assignment_Logger)'
2023-11-02 11:34:15.975 +06:00 [INF] Route matched with {action = "Index", controller = "Home", page = "", area = ""}. Executing controller action with signature Microsoft.AspNetCore.Mvc.IActionResult Index() on controller Assignment_Logger.Controllers.HomeController (Assignment_Logger).
2023-11-02 11:34:15.987 +06:00 [INF] I'm in homepage now!
2023-11-02 11:34:15.988 +06:00 [ERR] This is an error message
2023-11-02 11:34:16.030 +06:00 [INF] Executing ViewResult, running view Index.
2023-11-02 11:34:17.303 +06:00 [INF] Executed ViewResult - view Index executed in 1296.9212ms.
2023-11-02 11:34:17.313 +06:00 [INF] Executed action Assignment_Logger.Controllers.HomeController.Index (Assignment_Logger) in 1335.7044ms
2023-11-02 11:34:17.314 +06:00 [INF] Executed endpoint 'Assignment_Logger.Controllers.HomeController.Index (Assignment_Logger)'
2023-11-02 11:34:17.319 +06:00 [INF] HTTP GET / responded 200 in 1531.7523 ms
2023-11-02 11:34:17.360 +06:00 [INF] Request finished HTTP/2 GET https://localhost:7088/ - - - 200 - text/html;+charset=utf-8 1780.2991ms
2023-11-02 11:34:17.457 +06:00 [INF] Request starting HTTP/2 GET https://localhost:7088/css/site.css?v=pAGv4ietcJNk_EwsQZ5BN9-K4MuNYS2a9wl4Jw-q9D0 - -
2023-11-02 11:34:17.457 +06:00 [INF] Request starting HTTP/2 GET https://localhost:7088/_framework/aspnetcore-browser-refresh.js - -
2023-11-02 11:34:17.457 +06:00 [INF] Request starting HTTP/2 GET https://localhost:7088/lib/bootstrap/dist/css/bootstrap.min.css - -
2023-11-02 11:34:17.468 +06:00 [INF] Request starting HTTP/2 GET https://localhost:7088/_vs/browserLink - -
2023-11-02 11:34:17.502 +06:00 [INF] Sending file. Request path: '/lib/bootstrap/dist/css/bootstrap.min.css'. Physical path: 'C:\Users\Jhora\Desktop\My_codes\asp.net-practice\FirstDemo\Assignment_Logger\wwwroot\lib\bootstrap\dist\css\bootstrap.min.css'
2023-11-02 11:34:17.502 +06:00 [INF] HTTP GET /lib/bootstrap/dist/css/bootstrap.min.css responded 200 in 35.3068 ms
2023-11-02 11:34:17.508 +06:00 [INF] Request finished HTTP/2 GET https://localhost:7088/lib/bootstrap/dist/css/bootstrap.min.css - - - 0 162720 text/css 50.5331ms
2023-11-02 11:34:17.513 +06:00 [INF] Sending file. Request path: '/css/site.css'. Physical path: 'C:\Users\Jhora\Desktop\My_codes\asp.net-practice\FirstDemo\Assignment_Logger\wwwroot\css\site.css'
2023-11-02 11:34:17.514 +06:00 [INF] HTTP GET /css/site.css responded 200 in 50.3744 ms
2023-11-02 11:34:17.514 +06:00 [INF] Request finished HTTP/2 GET https://localhost:7088/css/site.css?v=pAGv4ietcJNk_EwsQZ5BN9-K4MuNYS2a9wl4Jw-q9D0 - - - 0 362 text/css 57.0036ms
2023-11-02 11:34:17.515 +06:00 [INF] Request finished HTTP/2 GET https://localhost:7088/_framework/aspnetcore-browser-refresh.js - - - 200 12366 application/javascript;+charset=utf-8 57.6109ms
2023-11-02 11:34:17.579 +06:00 [INF] Request finished HTTP/2 GET https://localhost:7088/_vs/browserLink - - - 200 - text/javascript;+charset=UTF-8 111.0995ms
2023-11-02 11:35:50.569 +06:00 [INF] User profile is available. Using 'C:\Users\Jhora\AppData\Local\ASP.NET\DataProtection-Keys' as key repository and Windows DPAPI to encrypt keys at rest.
2023-11-02 11:35:51.006 +06:00 [WRN] The ASP.NET Core developer certificate is not trusted. For information about trusting the ASP.NET Core developer certificate, see https://aka.ms/aspnet/https-trust-dev-cert.
2023-11-02 11:35:51.043 +06:00 [INF] Now listening on: https://localhost:7088
2023-11-02 11:35:51.043 +06:00 [INF] Now listening on: http://localhost:5111
2023-11-02 11:35:51.046 +06:00 [INF] Application started. Press Ctrl+C to shut down.
2023-11-02 11:35:51.046 +06:00 [INF] Hosting environment: Development
2023-11-02 11:35:51.046 +06:00 [INF] Content root path: C:\Users\Jhora\Desktop\My_codes\asp.net-practice\FirstDemo\Assignment_Logger
2023-11-02 11:35:52.944 +06:00 [INF] Request starting HTTP/2 GET https://localhost:7088/ - -
2023-11-02 11:35:53.202 +06:00 [INF] Executing endpoint 'Assignment_Logger.Controllers.HomeController.Index (Assignment_Logger)'
2023-11-02 11:35:53.297 +06:00 [INF] Route matched with {action = "Index", controller = "Home", page = "", area = ""}. Executing controller action with signature Microsoft.AspNetCore.Mvc.IActionResult Index() on controller Assignment_Logger.Controllers.HomeController (Assignment_Logger).
2023-11-02 11:35:53.313 +06:00 [INF] I'm in homepage now!
2023-11-02 11:35:53.313 +06:00 [ERR] This is an error message
2023-11-02 11:35:53.376 +06:00 [INF] Executing ViewResult, running view Index.
2023-11-02 11:35:54.687 +06:00 [INF] Executed ViewResult - view Index executed in 1361.8852ms.
2023-11-02 11:35:54.696 +06:00 [INF] Executed action Assignment_Logger.Controllers.HomeController.Index (Assignment_Logger) in 1397.31ms
2023-11-02 11:35:54.697 +06:00 [INF] Executed endpoint 'Assignment_Logger.Controllers.HomeController.Index (Assignment_Logger)'
2023-11-02 11:35:54.702 +06:00 [INF] HTTP GET / responded 200 in 1618.2917 ms
2023-11-02 11:35:54.748 +06:00 [INF] Request finished HTTP/2 GET https://localhost:7088/ - - - 200 - text/html;+charset=utf-8 1811.8466ms
2023-11-02 11:35:54.810 +06:00 [INF] Request starting HTTP/2 GET https://localhost:7088/lib/bootstrap/dist/css/bootstrap.min.css - -
2023-11-02 11:35:54.811 +06:00 [INF] Request starting HTTP/2 GET https://localhost:7088/_framework/aspnetcore-browser-refresh.js - -
2023-11-02 11:35:54.812 +06:00 [INF] Request starting HTTP/2 GET https://localhost:7088/_vs/browserLink - -
2023-11-02 11:35:54.842 +06:00 [INF] Request finished HTTP/2 GET https://localhost:7088/_framework/aspnetcore-browser-refresh.js - - - 200 12366 application/javascript;+charset=utf-8 31.4623ms
2023-11-02 11:35:54.842 +06:00 [INF] Sending file. Request path: '/lib/bootstrap/dist/css/bootstrap.min.css'. Physical path: 'C:\Users\Jhora\Desktop\My_codes\asp.net-practice\FirstDemo\Assignment_Logger\wwwroot\lib\bootstrap\dist\css\bootstrap.min.css'
2023-11-02 11:35:54.842 +06:00 [INF] HTTP GET /lib/bootstrap/dist/css/bootstrap.min.css responded 200 in 26.9006 ms
2023-11-02 11:35:54.843 +06:00 [INF] Request finished HTTP/2 GET https://localhost:7088/lib/bootstrap/dist/css/bootstrap.min.css - - - 0 162720 text/css 32.4972ms
2023-11-02 11:35:54.859 +06:00 [INF] Request finished HTTP/2 GET https://localhost:7088/_vs/browserLink - - - 200 - text/javascript;+charset=UTF-8 47.1088ms
2023-11-02 11:40:14.875 +06:00 [WRN] The ASP.NET Core developer certificate is not trusted. For information about trusting the ASP.NET Core developer certificate, see https://aka.ms/aspnet/https-trust-dev-cert.
2023-11-02 11:40:17.162 +06:00 [INF] I'm in homepage now!
2023-11-02 11:40:17.172 +06:00 [ERR] This is an error message
2023-11-02 11:42:54.591 +06:00 [WRN] The ASP.NET Core developer certificate is not trusted. For information about trusting the ASP.NET Core developer certificate, see https://aka.ms/aspnet/https-trust-dev-cert.
2023-11-02 11:42:56.561 +06:00 [INF] I'm in homepage now!
2023-11-02 11:42:56.564 +06:00 [ERR] This is an error message
2023-11-02 11:50:10.487 +06:00 [WRN] The ASP.NET Core developer certificate is not trusted. For information about trusting the ASP.NET Core developer certificate, see https://aka.ms/aspnet/https-trust-dev-cert.
2023-11-02 11:50:13.271 +06:00 [INF] I'm in homepage now!
2023-11-02 11:50:13.278 +06:00 [ERR] This is an error message
2023-11-02 11:55:21.449 +06:00 [WRN] The ASP.NET Core developer certificate is not trusted. For information about trusting the ASP.NET Core developer certificate, see https://aka.ms/aspnet/https-trust-dev-cert.
2023-11-02 11:55:23.551 +06:00 [INF] I'm in homepage now!
2023-11-02 11:57:49.547 +06:00 [WRN] The ASP.NET Core developer certificate is not trusted. For information about trusting the ASP.NET Core developer certificate, see https://aka.ms/aspnet/https-trust-dev-cert.
2023-11-02 11:57:51.492 +06:00 [INF] I'm in homepage now!
2023-11-02 12:01:46.936 +06:00 [WRN] The ASP.NET Core developer certificate is not trusted. For information about trusting the ASP.NET Core developer certificate, see https://aka.ms/aspnet/https-trust-dev-cert.
2023-11-02 12:01:48.769 +06:00 [INF] I'm in homepage now!
2023-11-02 12:09:12.702 +06:00 [WRN] The ASP.NET Core developer certificate is not trusted. For information about trusting the ASP.NET Core developer certificate, see https://aka.ms/aspnet/https-trust-dev-cert.
2023-11-02 12:09:14.580 +06:00 [INF] I'm in homepage now!
